# JRE version: Java(TM) SE Runtime Environment (8.0_211-b12) (build 1.8.0_211-b12)
# Java VM: Java HotSpot(TM) 64-Bit Server VM (25.211-b12 mixed mode windows-amd64 compressed oops)
Heap:
 PSYoungGen      total 116224K, used 40471K [0x00000000d6200000, 0x00000000de280000, 0x0000000100000000)
  eden space 103936K, 28% used [0x00000000d6200000,0x00000000d7e86ae8,0x00000000dc780000)
  from space 12288K, 91% used [0x00000000dd680000,0x00000000de17f498,0x00000000de280000)
  to   space 13824K, 0% used [0x00000000dc780000,0x00000000dc780000,0x00000000dd500000)
 ParOldGen       total 53760K, used 11554K [0x0000000082600000, 0x0000000085a80000, 0x00000000d6200000)
  object space 53760K, 21% used [0x0000000082600000,0x0000000083148b40,0x0000000085a80000)
 Metaspace       used 33273K, capacity 34646K, committed 34816K, reserved 1079296K
  class space    used 4295K, capacity 4571K, committed 4608K, reserved 1048576K
GC Heap History (10 events):
Event: 0.827 GC heap before
{Heap before GC invocations=3 (full 0):
 PSYoungGen      total 37888K, used 37882K [0x00000000d6200000, 0x00000000dac00000, 0x0000000100000000)
  eden space 32768K, 100% used [0x00000000d6200000,0x00000000d8200000,0x00000000d8200000)
  from space 5120K, 99% used [0x00000000d8700000,0x00000000d8bfe8b0,0x00000000d8c00000)
  to   space 5120K, 0% used [0x00000000d8200000,0x00000000d8200000,0x00000000d8700000)
 ParOldGen       total 86016K, used 2306K [0x0000000082600000, 0x0000000087a00000, 0x00000000d6200000)
  object space 86016K, 2% used [0x0000000082600000,0x0000000082840ab8,0x0000000087a00000)
 Metaspace       used 19599K, capacity 20124K, committed 20480K, reserved 1067008K
  class space    used 2569K, capacity 2700K, committed 2816K, reserved 1048576K
Event: 0.833 GC heap after
Heap after GC invocations=3 (full 0):
 PSYoungGen      total 37888K, used 5090K [0x00000000d6200000, 0x00000000dac00000, 0x0000000100000000)
  eden space 32768K, 0% used [0x00000000d6200000,0x00000000d6200000,0x00000000d8200000)
  from space 5120K, 99% used [0x00000000d8200000,0x00000000d86f8928,0x00000000d8700000)
  to   space 5120K, 0% used [0x00000000da700000,0x00000000da700000,0x00000000dac00000)
 ParOldGen       total 86016K, used 6368K [0x0000000082600000, 0x0000000087a00000, 0x00000000d6200000)
  object space 86016K, 7% used [0x0000000082600000,0x0000000082c380f8,0x0000000087a00000)
 Metaspace       used 19599K, capacity 20124K, committed 20480K, reserved 1067008K
  class space    used 2569K, capacity 2700K, committed 2816K, reserved 1048576K
}
Event: 0.870 GC heap before
{Heap before GC invocations=4 (full 0):
 PSYoungGen      total 37888K, used 11879K [0x00000000d6200000, 0x00000000dac00000, 0x0000000100000000)
  eden space 32768K, 20% used [0x00000000d6200000,0x00000000d68a1498,0x00000000d8200000)
  from space 5120K, 99% used [0x00000000d8200000,0x00000000d86f8928,0x00000000d8700000)
  to   space 5120K, 0% used [0x00000000da700000,0x00000000da700000,0x00000000dac00000)
 ParOldGen       total 86016K, used 6368K [0x0000000082600000, 0x0000000087a00000, 0x00000000d6200000)
  object space 86016K, 7% used [0x0000000082600000,0x0000000082c380f8,0x0000000087a00000)
 Metaspace       used 20553K, capacity 21166K, committed 21296K, reserved 1067008K
  class space    used 2700K, capacity 2861K, committed 2944K, reserved 1048576K
Event: 0.874 GC heap after
Heap after GC invocations=4 (full 0):
 PSYoungGen      total 70656K, used 5110K [0x00000000d6200000, 0x00000000dac00000, 0x0000000100000000)
  eden space 65536K, 0% used [0x00000000d6200000,0x00000000d6200000,0x00000000da200000)
  from space 5120K, 99% used [0x00000000da700000,0x00000000dabfd918,0x00000000dac00000)
  to   space 5120K, 0% used [0x00000000da200000,0x00000000da200000,0x00000000da700000)
 ParOldGen       total 86016K, used 6656K [0x0000000082600000, 0x0000000087a00000, 0x00000000d6200000)
  object space 86016K, 7% used [0x0000000082600000,0x0000000082c802c8,0x0000000087a00000)
 Metaspace       used 20553K, capacity 21166K, committed 21296K, reserved 1067008K
  class space    used 2700K, capacity 2861K, committed 2944K, reserved 1048576K
}
Event: 0.874 GC heap before
{Heap before GC invocations=5 (full 1):
 PSYoungGen      total 70656K, used 5110K [0x00000000d6200000, 0x00000000dac00000, 0x0000000100000000)
  eden space 65536K, 0% used [0x00000000d6200000,0x00000000d6200000,0x00000000da200000)
  from space 5120K, 99% used [0x00000000da700000,0x00000000dabfd918,0x00000000dac00000)
  to   space 5120K, 0% used [0x00000000da200000,0x00000000da200000,0x00000000da700000)
 ParOldGen       total 86016K, used 6656K [0x0000000082600000, 0x0000000087a00000, 0x00000000d6200000)
  object space 86016K, 7% used [0x0000000082600000,0x0000000082c802c8,0x0000000087a00000)
 Metaspace       used 20553K, capacity 21166K, committed 21296K, reserved 1067008K
  class space    used 2700K, capacity 2861K, committed 2944K, reserved 1048576K
Event: 0.894 GC heap after
Heap after GC invocations=5 (full 1):
 PSYoungGen      total 70656K, used 0K [0x00000000d6200000, 0x00000000dac00000, 0x0000000100000000)
  eden space 65536K, 0% used [0x00000000d6200000,0x00000000d6200000,0x00000000da200000)
  from space 5120K, 0% used [0x00000000da700000,0x00000000da700000,0x00000000dac00000)
  to   space 5120K, 0% used [0x00000000da200000,0x00000000da200000,0x00000000da700000)
 ParOldGen       total 53760K, used 5270K [0x0000000082600000, 0x0000000085a80000, 0x00000000d6200000)
  object space 53760K, 9% used [0x0000000082600000,0x0000000082b25898,0x0000000085a80000)
 Metaspace       used 20553K, capacity 21166K, committed 21296K, reserved 1067008K
  class space    used 2700K, capacity 2861K, committed 2944K, reserved 1048576K
}
Event: 1.611 GC heap before
{Heap before GC invocations=6 (full 1):
 PSYoungGen      total 70656K, used 65536K [0x00000000d6200000, 0x00000000dac00000, 0x0000000100000000)
  eden space 65536K, 100% used [0x00000000d6200000,0x00000000da200000,0x00000000da200000)
  from space 5120K, 0% used [0x00000000da700000,0x00000000da700000,0x00000000dac00000)
  to   space 5120K, 0% used [0x00000000da200000,0x00000000da200000,0x00000000da700000)
 ParOldGen       total 53760K, used 5270K [0x0000000082600000, 0x0000000085a80000, 0x00000000d6200000)
  object space 53760K, 9% used [0x0000000082600000,0x0000000082b25898,0x0000000085a80000)
 Metaspace       used 27432K, capacity 28360K, committed 28416K, reserved 1073152K
  class space    used 3592K, capacity 3794K, committed 3840K, reserved 1048576K
Event: 1.619 GC heap after
Heap after GC invocations=6 (full 1):
 PSYoungGen      total 70656K, used 5091K [0x00000000d6200000, 0x00000000de280000, 0x0000000100000000)
  eden space 65536K, 0% used [0x00000000d6200000,0x00000000d6200000,0x00000000da200000)
  from space 5120K, 99% used [0x00000000da200000,0x00000000da6f8e80,0x00000000da700000)
  to   space 12288K, 0% used [0x00000000dd680000,0x00000000dd680000,0x00000000de280000)
 ParOldGen       total 53760K, used 11546K [0x0000000082600000, 0x0000000085a80000, 0x00000000d6200000)
  object space 53760K, 21% used [0x0000000082600000,0x0000000083146b40,0x0000000085a80000)
 Metaspace       used 27432K, capacity 28360K, committed 28416K, reserved 1073152K
  class space    used 3592K, capacity 3794K, committed 3840K, reserved 1048576K
}
Event: 2.386 GC heap before
{Heap before GC invocations=7 (full 1):
 PSYoungGen      total 70656K, used 70627K [0x00000000d6200000, 0x00000000de280000, 0x0000000100000000)
  eden space 65536K, 100% used [0x00000000d6200000,0x00000000da200000,0x00000000da200000)
  from space 5120K, 99% used [0x00000000da200000,0x00000000da6f8e80,0x00000000da700000)
  to   space 12288K, 0% used [0x00000000dd680000,0x00000000dd680000,0x00000000de280000)
 ParOldGen       total 53760K, used 11546K [0x0000000082600000, 0x0000000085a80000, 0x00000000d6200000)
  object space 53760K, 21% used [0x0000000082600000,0x0000000083146b40,0x0000000085a80000)
 Metaspace       used 31836K, capacity 33152K, committed 33408K, reserved 1079296K
  class space    used 4093K, capacity 4360K, committed 4480K, reserved 1048576K
Event: 2.395 GC heap after
Heap after GC invocations=7 (full 1):
 PSYoungGen      total 116224K, used 11261K [0x00000000d6200000, 0x00000000de280000, 0x0000000100000000)
  eden space 103936K, 0% used [0x00000000d6200000,0x00000000d6200000,0x00000000dc780000)
  from space 12288K, 91% used [0x00000000dd680000,0x00000000de17f498,0x00000000de280000)
  to   space 13824K, 0% used [0x00000000dc780000,0x00000000dc780000,0x00000000dd500000)
 ParOldGen       total 53760K, used 11554K [0x0000000082600000, 0x0000000085a80000, 0x00000000d6200000)
  object space 53760K, 21% used [0x0000000082600000,0x0000000083148b40,0x0000000085a80000)
 Metaspace       used 31836K, capacity 33152K, committed 33408K, reserved 1079296K
  class space    used 4093K, capacity 4360K, committed 4480K, reserved 1048576K
}

